<?xml version="1.0" encoding="UTF-8"?>
<testng-results skipped="0" failed="0" ignored="0" total="1" passed="1">
  <reporter-output>
  </reporter-output>
  <suite name="Default suite" duration-ms="132689" started-at="2021-08-02T11:41:17Z" finished-at="2021-08-02T11:43:30Z">
    <groups>
    </groups>
    <test name="Default test" duration-ms="132689" started-at="2021-08-02T11:41:17Z" finished-at="2021-08-02T11:43:30Z">
      <class name="org.test.Shopclues">
        <test-method status="PASS" signature="beforeClass()[pri:0, instance:org.test.Shopclues@3c0ecd4b]" name="beforeClass" is-config="true" duration-ms="83543" started-at="2021-08-02T11:41:17Z" finished-at="2021-08-02T11:42:41Z">
          <reporter-output>
          </reporter-output>
        </test-method> <!-- beforeClass -->
        <test-method status="PASS" signature="beforeMethod()[pri:0, instance:org.test.Shopclues@3c0ecd4b]" name="beforeMethod" is-config="true" duration-ms="198" started-at="2021-08-02T11:42:41Z" finished-at="2021-08-02T11:42:41Z">
          <reporter-output>
          </reporter-output>
        </test-method> <!-- beforeMethod -->
        <test-method status="PASS" signature="test1()[pri:0, instance:org.test.Shopclues@3c0ecd4b]" name="test1" duration-ms="43000" started-at="2021-08-02T11:42:41Z" finished-at="2021-08-02T11:43:24Z">
          <reporter-output>
          </reporter-output>
        </test-method> <!-- test1 -->
        <test-method status="PASS" signature="afterMethod()[pri:0, instance:org.test.Shopclues@3c0ecd4b]" name="afterMethod" is-config="true" duration-ms="1" started-at="2021-08-02T11:43:24Z" finished-at="2021-08-02T11:43:24Z">
          <reporter-output>
          </reporter-output>
        </test-method> <!-- afterMethod -->
        <test-method status="PASS" signature="afterClass()[pri:0, instance:org.test.Shopclues@3c0ecd4b]" name="afterClass" is-config="true" duration-ms="5280" started-at="2021-08-02T11:43:25Z" finished-at="2021-08-02T11:43:30Z">
          <reporter-output>
          </reporter-output>
        </test-method> <!-- afterClass -->
      </class> <!-- org.test.Shopclues -->
    </test> <!-- Default test -->
  </suite> <!-- Default suite -->
</testng-results>
